2018-08-08 17:14:21,810 [Worker-21] ERROR o.e.m.c.i.p.ProjectConfigurationManager - Project ServletSample already exists
2018-08-08 17:14:21,846 [Worker-21] ERROR o.e.m.c.i.p.ProjectConfigurationManager - Project ServletSample already exists
2018-08-08 17:14:24,139 [Worker-21] INFO  o.e.m.c.i.l.LifecycleMappingFactory - Using org.maven.ide.eclipse.wtp.WarLifecycleMapping lifecycle mapping for MavenProject: io.openliberty.guides:ServletSample:1.0-SNAPSHOT @ C:\Users\JUSTINEChen\Desktop\draft-guide-security-intro\finish\finish-basic\pom.xml.
2018-08-08 17:14:29,209 [Worker-21] INFO  o.e.m.c.i.embedder.EclipseLogger - CWWKM2102I: Using artifact based assembly archive : io.openliberty:openliberty-runtime:null:RELEASE:zip.
2018-08-08 17:14:29,216 [Worker-21] INFO  o.e.m.c.i.embedder.EclipseLogger - CWWKM2102I: Using installDirectory : C:\Users\JUSTINEChen\Desktop\draft-guide-security-intro\finish\finish-basic\target\liberty\wlp.
2018-08-08 17:14:29,216 [Worker-21] INFO  o.e.m.c.i.embedder.EclipseLogger - CWWKM2102I: Using serverName : defaultServer.
2018-08-08 17:14:29,217 [Worker-21] INFO  o.e.m.c.i.embedder.EclipseLogger - CWWKM2102I: Using serverDirectory : C:\Users\JUSTINEChen\Desktop\draft-guide-security-intro\finish\finish-basic\target\liberty\wlp\usr\servers\defaultServer.
2018-08-08 17:14:29,281 [Worker-21] INFO  o.e.m.c.i.embedder.EclipseLogger - CWWKM2185I: The liberty-maven-plugin configuration parameter "appsDirectory" value defaults to "apps".
2018-08-08 17:14:29,292 [Worker-21] INFO  o.e.m.c.i.embedder.EclipseLogger - CWWKM2112I: Re-using previously installed assembly.
2018-08-08 17:14:29,297 [Worker-21] INFO  o.e.m.c.i.embedder.EclipseLogger - CWWKM2102I: Using artifact based assembly archive : io.openliberty:openliberty-runtime:null:RELEASE:zip.
2018-08-08 17:14:29,301 [Worker-21] INFO  o.e.m.c.i.embedder.EclipseLogger - CWWKM2102I: Using installDirectory : C:\Users\JUSTINEChen\Desktop\draft-guide-security-intro\finish\finish-basic\target\liberty\wlp.
2018-08-08 17:14:29,301 [Worker-21] INFO  o.e.m.c.i.embedder.EclipseLogger - CWWKM2102I: Using serverName : defaultServer.
2018-08-08 17:14:29,302 [Worker-21] INFO  o.e.m.c.i.embedder.EclipseLogger - CWWKM2102I: Using serverDirectory : C:\Users\JUSTINEChen\Desktop\draft-guide-security-intro\finish\finish-basic\target\liberty\wlp\usr\servers\defaultServer.
2018-08-08 17:14:29,304 [Worker-21] INFO  o.e.m.c.i.embedder.EclipseLogger - CWWKM2185I: The liberty-maven-plugin configuration parameter "appsDirectory" value defaults to "apps".
2018-08-08 17:14:29,309 [Worker-21] INFO  o.e.m.c.i.embedder.EclipseLogger - CWWKM2112I: Re-using previously installed assembly.
2018-08-08 17:14:29,901 [Worker-21] INFO  o.e.m.j.i.AbstractJavaProjectConfigurator - Adding source folder /ServletSample/src/main/java
2018-08-08 17:14:29,909 [Worker-21] INFO  o.e.m.j.i.AbstractJavaProjectConfigurator - Adding source folder /ServletSample/src/test/java
2018-08-08 17:14:32,119 [Worker-21] INFO  o.e.m.c.i.p.ProjectConfigurationManager - Imported and configured 3 project(s) in 12 sec
2018-08-08 17:14:35,366 [Worker-26] INFO  o.e.m.c.i.embedder.EclipseLogger - Using 'UTF-8' encoding to copy filtered resources.
2018-08-08 17:14:35,367 [Worker-26] INFO  o.e.m.c.i.embedder.EclipseLogger - skip non existing resourceDirectory C:\Users\JUSTINEChen\Desktop\draft-guide-security-intro\finish\finish-basic\src\main\resources
2018-08-08 17:14:35,375 [Worker-26] INFO  o.e.m.c.i.embedder.EclipseLogger - Using 'UTF-8' encoding to copy filtered resources.
2018-08-08 17:14:35,380 [Worker-26] INFO  o.e.m.c.i.embedder.EclipseLogger - skip non existing resourceDirectory C:\Users\JUSTINEChen\Desktop\draft-guide-security-intro\finish\finish-basic\src\test\resources
2018-08-08 17:14:35,393 [Worker-26] INFO  o.e.m.c.i.embedder.EclipseLogger - CWWKM2102I: Using artifact based assembly archive : io.openliberty:openliberty-runtime:null:RELEASE:zip.
2018-08-08 17:14:35,398 [Worker-26] INFO  o.e.m.c.i.embedder.EclipseLogger - CWWKM2102I: Using installDirectory : C:\Users\JUSTINEChen\Desktop\draft-guide-security-intro\finish\finish-basic\target\liberty\wlp.
2018-08-08 17:14:35,403 [Worker-26] INFO  o.e.m.c.i.embedder.EclipseLogger - CWWKM2102I: Using serverName : defaultServer.
2018-08-08 17:14:35,403 [Worker-26] INFO  o.e.m.c.i.embedder.EclipseLogger - CWWKM2102I: Using serverDirectory : C:\Users\JUSTINEChen\Desktop\draft-guide-security-intro\finish\finish-basic\target\liberty\wlp\usr\servers\defaultServer.
2018-08-08 17:14:35,407 [Worker-26] INFO  o.e.m.c.i.embedder.EclipseLogger - CWWKM2185I: The liberty-maven-plugin configuration parameter "appsDirectory" value defaults to "apps".
2018-08-08 17:14:35,413 [Worker-26] INFO  o.e.m.c.i.embedder.EclipseLogger - CWWKM2112I: Re-using previously installed assembly.
2018-08-08 17:14:35,419 [Worker-26] INFO  o.e.m.c.i.embedder.EclipseLogger - CWWKM2102I: Using artifact based assembly archive : io.openliberty:openliberty-runtime:null:RELEASE:zip.
2018-08-08 17:14:35,424 [Worker-26] INFO  o.e.m.c.i.embedder.EclipseLogger - CWWKM2102I: Using installDirectory : C:\Users\JUSTINEChen\Desktop\draft-guide-security-intro\finish\finish-basic\target\liberty\wlp.
2018-08-08 17:14:35,425 [Worker-26] INFO  o.e.m.c.i.embedder.EclipseLogger - CWWKM2102I: Using serverName : defaultServer.
2018-08-08 17:14:35,425 [Worker-26] INFO  o.e.m.c.i.embedder.EclipseLogger - CWWKM2102I: Using serverDirectory : C:\Users\JUSTINEChen\Desktop\draft-guide-security-intro\finish\finish-basic\target\liberty\wlp\usr\servers\defaultServer.
2018-08-08 17:14:35,435 [Worker-26] INFO  o.e.m.c.i.embedder.EclipseLogger - CWWKM2185I: The liberty-maven-plugin configuration parameter "appsDirectory" value defaults to "apps".
2018-08-08 17:14:35,439 [Worker-26] INFO  o.e.m.c.i.embedder.EclipseLogger - CWWKM2112I: Re-using previously installed assembly.
2018-08-08 17:21:01,004 [Worker-13] INFO  o.e.m.c.i.embedder.EclipseLogger - Using 'UTF-8' encoding to copy filtered resources.
2018-08-08 17:21:01,006 [Worker-13] INFO  o.e.m.c.i.embedder.EclipseLogger - skip non existing resourceDirectory C:\Users\JUSTINEChen\Desktop\draft-guide-security-intro\finish\finish-basic\src\main\resources
2018-08-08 17:21:01,009 [Worker-13] INFO  o.e.m.c.i.embedder.EclipseLogger - Using 'UTF-8' encoding to copy filtered resources.
2018-08-08 17:21:01,009 [Worker-13] INFO  o.e.m.c.i.embedder.EclipseLogger - skip non existing resourceDirectory C:\Users\JUSTINEChen\Desktop\draft-guide-security-intro\finish\finish-basic\src\test\resources
2018-08-08 17:22:34,778 [Worker-11] INFO  o.e.m.c.i.embedder.EclipseLogger - Using 'UTF-8' encoding to copy filtered resources.
2018-08-08 17:22:34,778 [Worker-11] INFO  o.e.m.c.i.embedder.EclipseLogger - skip non existing resourceDirectory C:\Users\JUSTINEChen\Desktop\draft-guide-security-intro\finish\finish-basic\src\main\resources
2018-08-08 17:22:34,781 [Worker-11] INFO  o.e.m.c.i.embedder.EclipseLogger - Using 'UTF-8' encoding to copy filtered resources.
2018-08-08 17:22:34,781 [Worker-11] INFO  o.e.m.c.i.embedder.EclipseLogger - skip non existing resourceDirectory C:\Users\JUSTINEChen\Desktop\draft-guide-security-intro\finish\finish-basic\src\test\resources
